<?xml version="1.0" encoding="UTF-8"?>
<!-- Generated by org.testng.reporters.JUnitReportReporter -->
<testsuite hostname="DESKTOP-NMQA535" failures="0" tests="3" name="testNG.Test_NDTV" time="37.014" errors="0" timestamp="2022-02-26T19:20:42 IST" skipped="0">
  <testcase classname="testNG.Test_NDTV" name="google_SearchTest" time="31.041"/>
  <system-out/>
  <testcase classname="testNG.Test_NDTV" name="ndtv_HomePageTest" time="1.573"/>
  <system-out/>
  <testcase classname="testNG.Test_NDTV" name="operation_Test" time="4.400"/>
  <system-out/>
</testsuite> <!-- testNG.Test_NDTV -->
